Synthesis Analysis & Elaboration Stage Report for ContadorUpDown
Sun Feb 16 08:49:17 2025
Quartus Prime Version 24.3.0 Build 212 11/18/2024 SC Pro Edition


---------------------
; Table of Contents ;
---------------------
  1. Legal Notice
  2. Additional Pragma Usages



----------------
; Legal Notice ;
----------------
Copyright (C) 2024  Intel Corporation. All rights reserved.
Your use of Intel Corporation's design tools, logic functions 
and other software and tools, and any partner logic 
functions, and any output files from any of the foregoing 
(including device programming or simulation files), and any 
associated documentation or information are expressly subject 
to the terms and conditions of the Intel Program License 
Subscription Agreement, the Intel Quartus Prime License Agreement,
the Intel FPGA IP License Agreement, or other applicable license
agreement, including, without limitation, that your use is for
the sole purpose of programming logic devices manufactured by
Intel and sold by Intel or its authorized distributors.  Please
refer to the Intel FPGA Software License Subscription Agreements 
on the Quartus Prime software download page.



+-----------------------------------+
; Additional Pragma Usages          ;
+--------+---------------+----------+
; Entity ; Name          ; Location ;
+--------+---------------+----------+
; --     ; translate_off ; pll.v:36 ;
; --     ; translate_on  ; pll.v:38 ;
+--------+---------------+----------+


